<?xml version="1.0" encoding="UTF-8"?>
<!-- Generated by org.testng.reporters.JUnitXMLReporter -->
<testsuite hostname="DESKTOP-8EQSD1V" ignored="2" name="ListnerLoginTesExample" tests="2" failures="1" timestamp="2021-04-12T10:52:57 IST" time="13.671" errors="0">
  <testcase name="TestCaseFailureScreenShots2" time="9.64" classname="com.Listners.TakeFailureOnluScreeShots"/>
  <testcase name="TestCaseFailureScreenShots3" time="3.538" classname="com.Listners.TakeFailureOnluScreeShots">
    <failure type="java.lang.AssertionError" message="expected [true] but found [false]">
      <![CDATA[java.lang.AssertionError: expected [true] but found [false]
at com.Listners.TakeFailureOnluScreeShots.TestCaseFailureScreenShots3(TakeFailureOnluScreeShots.java:181)
at java.util.ArrayList.forEach(Unknown Source)
... Removed 33 stack frames]]>
    </failure>
  </testcase> <!-- TestCaseFailureScreenShots3 -->
  <testcase name="TestCaseFailureScreenShots4" time="0.0" classname="com.Listners.TakeFailureOnluScreeShots">
    <ignored/>
  </testcase> <!-- TestCaseFailureScreenShots4 -->
  <testcase name="TestCaseFailureScreenShots1" time="0.0" classname="com.Listners.TakeFailureOnluScreeShots">
    <ignored/>
  </testcase> <!-- TestCaseFailureScreenShots1 -->
</testsuite> <!-- ListnerLoginTesExample -->
